#-----------------------------------------------------------
# PlanAhead v14.7 (64-bit)
# Build 321239 by xbuild on Fri Sep 27 19:29:51 MDT 2013
# Start of session at: Tue Oct 07 16:22:48 2014
# Process ID: 16596
# Log file: D:/SHS/dyract/dyract/hw/ac701/planahead/project_pr/planAhead.log
# Journal file: D:/SHS/dyract/dyract/hw/ac701/planahead/project_pr\planAhead.jou
#-----------------------------------------------------------
INFO: [Common 17-78] Attempting to get a license: PlanAhead
INFO: [Common 17-290] Got license for PlanAhead
INFO: [Device 21-36] Loading parts and site information from C:/Xilinx/14.7/ISE_DS/PlanAhead/data/parts/arch.xml
Parsing RTL primitives file [C:/Xilinx/14.7/ISE_DS/PlanAhead/data/parts/xilinx/rtl/prims/rtl_prims.xml]
Finished parsing RTL primitives file [C:/Xilinx/14.7/ISE_DS/PlanAhead/data/parts/xilinx/rtl/prims/rtl_prims.xml]
start_gui
INFO: [Common 17-81] Feature available: PartialReconfiguration
open_project {D:\SHS\dyract\dyract\hw\ac701\planahead\project_pr\project_pr.ppr}
Scanning sources...
Finished scanning sources
exit
INFO: [Common 17-206] Exiting PlanAhead at Tue Oct 07 16:23:40 2014...
INFO: [Common 17-83] Releasing license: PlanAhead
